SNX-USDT
SNX
XLM-USDT
XLM
VET-USDT
VET
GO-USDT
GO
EOS-USDT
EOS
ETC-USDT
ETC
ITC-USDT
ITC
LTC-USDT
LTC
GGC-USDT
GGC
NANO-USDT
NANO
LYM-USDT
LYM
TKY-USDT
TKY
ONT-USDT
ONT
SUSD-USDT
SUSD
TRX-USDT
TRX
BCHSV-USDT
BCHSV
BCHABC-USDT
BCHABC
KCS-USDT
KCS
NEO-USDT
NEO
ETH-USDT
ETH
BTC-USDT
BTC
AVA-USDT
AVA
MHC-USDT
MHC
ODE-USDT
ODE
MTV-USDT
MTV
TEL-USDT
TEL
TRY-USDT
TRY
ATOM-USDT
ATOM
ETN-USDT
ETN
TOMO-USDT
TOMO
VSYS-USDT
VSYS
CHR-USDT
CHR
COTI-USDT
COTI
BNB-USDT
BNB
JAR-USDT
JAR
ALGO-USDT
ALGO
VOL-USDT
VOL
XEM-USDT
XEM
CIX100-USDT
CIX100
XTZ-USDT
XTZ
ZEC-USDT
ZEC
ADA-USDT
ADA
R-USDT
R
WXT-USDT
WXT
OGO-USDT
OGO
FORESTPLUS-USDT
FORESTPLUS
BOLT-USDT
BOLT
ARPA-USDT
ARPA
WGP-USDT
WGP
DAPPT-USDT
DAPPT
NOIA-USDT
NOIA
BLOC-USDT
BLOC
WIN-USDT
WIN
DERO-USDT
DERO
BTT-USDT
BTT
EOSC-USDT
EOSC
ENQ-USDT
ENQ
ONE-USDT
ONE
TOKO-USDT
TOKO
VID-USDT
VID
LUNA-USDT
LUNA
SDT-USDT
SDT
AMIO-USDT
AMIO
NUSD-USDT
NUSD
MXW-USDT
MXW
SXP-USDT
SXP
AKRO-USDT
AKRO
MAP-USDT
MAP
AMPL-USDT
AMPL
DAG-USDT
DAG
ARX-USDT
ARX
NWC-USDT
NWC
BEPRO-USDT
BEPRO
VRA-USDT
VRA
KSM-USDT
KSM
XNS-USDT
XNS
ROAD-USDT
ROAD
KAT-USDT
KAT
XRP-USDT
XRP
GRIN-USDT
GRIN
Got data for 80 pairs
5c6a498b99a1d816cb95f925
5df08d33e509490008aac68e
5d29a23337e33a3a604095af
5dcfb3861314e112d766c936
5dcfb3173c48d51223ddb0a8
5e14ed457e612d0009cfa8bc
5e01b021e50949000805455b
5c6a4dd499a1d8174301dee4
5e1ec7cf7e612d0009651cd4
5dcfeefab84bcf1355d4a4e2
5e135860d1467a0009107816
5dcfb0ba1314e112d7610e98
5e2016427e612d0009cf76ac
5dfac274b35693000875550a
5dd7c0e83c48d51223aff8cc
5dcfb4c21314e112d76987dd
5dd05af6e5b692131796751c
5c6a4d7199a1d817bace72c7
5c6a4c2a99a1d819394232ff
5e48129267436200094a78a4
5dcfcdc1b84bcf13558dd2a4
5e0939a2ecb86500095de389
5e490dd37e612d0009226cbc
5dd256a7e5b6921317927b92
5e061c128eee630008be7c4f
5e3134b003ef0a0008fc5665
5ca9284737e33a0f465f111d
5e16ee747e612d00094667fc
5e144f9a67436200090ccc5f
5e16f4357e612d000957d10a
5e49080203ef0a000876e301
5e01a657e509490008f107be
5c6a50b299a1d81a3411d317
5c6a4bae99a1d81743ef2dcf
5c6d45fc0d48eb1174c9858c
5c6a4d3599a1d8165a89dde5
5c6a4d0099a1d81c4f836bd6
5dcfbebce5b692131759e0f4
5c6a511a99a1d816cbd902db
5c6a502a99a1d81b25d887aa
5c6a4b4a99a1d8182d24d106
5c6a4ef099a1d81a34027a23
5c6a4e4999a1d81743063668
5c6a4b3399a1d81c16404a07
5c6a512899a1d81c4fa88b11
5e12157b6e628b00093db8f0
5e2e45451ca8410008c63dcb
5ca409fd4b2e2f639721582c
5e153b527cb36900089197eb
5dcfad46e5b6921317345be7
5d0601d437e33a26b6a37c60
5e019aeab97132000808e26a
5dd2a1be3c48d51223d7360c
5cb8675dcbfc7b572e2310aa
5d26d54f0d48eb5d5c267dad
{'balance': '2.61109093', 'available': '0.15265154', 'holds': '2.45843938', 'currency': 'ETH', 'id': '5c6a498b99a1d816cb95f925', 'type': 'trade'}
{'balance': '468.9515296', 'available': '0.00000008', 'holds': '468.95152952', 'currency': 'USDT', 'id': '5df08d33e509490008aac68e', 'type': 'trade'}
{'balance': '247.414922', 'available': '0', 'holds': '247.414922', 'currency': 'TIME', 'id': '5d29a23337e33a3a604095af', 'type': 'trade'}
{'balance': '51690.644', 'available': '0', 'holds': '51690.644', 'currency': 'QKC', 'id': '5dcfb3861314e112d766c936', 'type': 'trade'}
{'balance': '12286.7726', 'available': '0', 'holds': '12286.7726', 'currency': 'TRAC', 'id': '5dcfb3173c48d51223ddb0a8', 'type': 'trade'}
{'balance': '87.8349', 'available': '0', 'holds': '87.8349', 'currency': 'NRG', 'id': '5e14ed457e612d0009cfa8bc', 'type': 'trade'}
{'balance': '262608.1554', 'available': '0', 'holds': '262608.1554', 'currency': 'BTT', 'id': '5e01b021e50949000805455b', 'type': 'trade'}
{'balance': '60148.5067017', 'available': '0.0000017', 'holds': '60148.5067', 'currency': 'AOA', 'id': '5c6a4dd499a1d8174301dee4', 'type': 'trade'}
{'balance': '894.7256', 'available': '0', 'holds': '894.7256', 'currency': 'AVA', 'id': '5e1ec7cf7e612d0009651cd4', 'type': 'trade'}
{'balance': '14988.3692', 'available': '0', 'holds': '14988.3692', 'currency': 'ZIL', 'id': '5dcfeefab84bcf1355d4a4e2', 'type': 'trade'}
{'balance': '98.26717305', 'available': '0', 'holds': '98.26717305', 'currency': 'SNX', 'id': '5e135860d1467a0009107816', 'type': 'trade'}
{'balance': '2691.4949', 'available': '0', 'holds': '2691.4949', 'currency': 'AERGO', 'id': '5dcfb0ba1314e112d7610e98', 'type': 'trade'}
{'balance': '71052.66', 'available': '0', 'holds': '71052.66', 'currency': 'CAPP', 'id': '5e2016427e612d0009cf76ac', 'type': 'trade'}
{'balance': '657.735615', 'available': '0', 'holds': '657.735615', 'currency': 'AION', 'id': '5dfac274b35693000875550a', 'type': 'trade'}
{'balance': '0.1299', 'available': '0', 'holds': '0.1299', 'currency': 'MKR', 'id': '5dd7c0e83c48d51223aff8cc', 'type': 'trade'}
{'balance': '336908.08', 'available': '0', 'holds': '336908.08', 'currency': 'TEL', 'id': '5dcfb4c21314e112d76987dd', 'type': 'trade'}
{'balance': '30005.3699', 'available': '0', 'holds': '30005.3699', 'currency': 'FKX', 'id': '5dd05af6e5b692131796751c', 'type': 'trade'}
{'balance': '9759.24948738', 'available': '0.00008738', 'holds': '9759.2494', 'currency': 'VET', 'id': '5c6a4d7199a1d817bace72c7', 'type': 'trade'}
{'balance': '200235.0299224', 'available': '0.0009224', 'holds': '200235.029', 'currency': 'J8T', 'id': '5c6a4c2a99a1d819394232ff', 'type': 'trade'}
{'balance': '13.7238', 'available': '0', 'holds': '13.7238', 'currency': 'EOS', 'id': '5e48129267436200094a78a4', 'type': 'trade'}
{'balance': '2224070.8342', 'available': '0', 'holds': '2224070.8342', 'currency': 'DACC', 'id': '5dcfcdc1b84bcf13558dd2a4', 'type': 'trade'}
{'balance': '47.18426955', 'available': '0.08537209', 'holds': '47.09889745', 'currency': 'TUSD', 'id': '5e0939a2ecb86500095de389', 'type': 'trade'}
{'balance': '40126.3365', 'available': '0', 'holds': '40126.3365', 'currency': 'BEPRO', 'id': '5e490dd37e612d0009226cbc', 'type': 'trade'}
{'balance': '24418.6055', 'available': '0', 'holds': '24418.6055', 'currency': 'SPND', 'id': '5dd256a7e5b6921317927b92', 'type': 'trade'}
{'balance': '1781.8883', 'available': '0', 'holds': '1781.8883', 'currency': 'DAG', 'id': '5e061c128eee630008be7c4f', 'type': 'trade'}
{'balance': '0.06599731', 'available': '0', 'holds': '0.06599731', 'currency': 'BCHABC', 'id': '5e3134b003ef0a0008fc5665', 'type': 'trade'}
{'balance': '9.3963571', 'available': '9.3963571', 'holds': '0', 'currency': 'KCS', 'id': '5ca9284737e33a0f465f111d', 'type': 'trade'}
{'balance': '0.59657361', 'available': '0.59657361', 'holds': '0', 'currency': 'NRG', 'id': '5e16ee747e612d00094667fc', 'type': 'main'}
{'balance': '0.68234507', 'available': '0.68234507', 'holds': '0', 'currency': 'ALGO', 'id': '5e144f9a67436200090ccc5f', 'type': 'main'}
{'balance': '0.97441888', 'available': '0.97441888', 'holds': '0', 'currency': 'AION', 'id': '5e16f4357e612d000957d10a', 'type': 'main'}
{'balance': '0.00112905', 'available': '0.00112905', 'holds': '0', 'currency': 'EOS', 'id': '5e49080203ef0a000876e301', 'type': 'main'}
{'balance': '0.08520807', 'available': '0.08520807', 'holds': '0', 'currency': 'ODE', 'id': '5e01a657e509490008f107be', 'type': 'trade'}
{'balance': '0.00680823', 'available': '0.00680823', 'holds': '0', 'currency': 'R', 'id': '5c6a50b299a1d81a3411d317', 'type': 'trade'}
{'balance': '220.25414893', 'available': '220.25414893', 'holds': '0', 'currency': 'VTHO', 'id': '5c6a4bae99a1d81743ef2dcf', 'type': 'trade'}
{'balance': '1.62071306', 'available': '1.62071306', 'holds': '0', 'currency': 'VTHO', 'id': '5c6d45fc0d48eb1174c9858c', 'type': 'main'}
{'balance': '0.0009762', 'available': '0.0009762', 'holds': '0', 'currency': 'CHP', 'id': '5c6a4d3599a1d8165a89dde5', 'type': 'trade'}
{'balance': '0.0002052', 'available': '0.0002052', 'holds': '0', 'currency': 'DOCK', 'id': '5c6a4d0099a1d81c4f836bd6', 'type': 'trade'}
{'balance': '0.0001', 'available': '0.0001', 'holds': '0', 'currency': 'DGB', 'id': '5dcfbebce5b692131759e0f4', 'type': 'trade'}
{'balance': '0.00009736', 'available': '0.00009736', 'holds': '0', 'currency': 'CAG', 'id': '5c6a511a99a1d816cbd902db', 'type': 'trade'}
{'balance': '0.0000782', 'available': '0.0000782', 'holds': '0', 'currency': 'LYM', 'id': '5c6a502a99a1d81b25d887aa', 'type': 'trade'}
{'sequence': '1568828521549', 'asks': [['0.00012958', '411.7535'], ['0.00012959', '137.7095'], ['0.00012961', '275.4191'], ['0.00012966', '7.9097'], ['0.00012967', '798.8115'], ['0.00012972', '5.6358'], ['0.00012977', '2.3769'], ['0.00012978', '25.2'], ['0.00012979', '25.1993'], ['0.00012983', '7.3861'], ['0.00012989', '275.4894'], ['0.0001299', '166.4742'], ['0.00012994', '21.5999'], ['0.00012995', '6.7324'], ['0.00012999', '23.3512'], ['0.00013005', '2.7483'], ['0.00013012', '0.3675'], ['0.00013018', '8.6382'], ['0.00013023', '0.2293'], ['0.00013024', '5.954'], ['0.00013025', '0.1234'], ['0.00013031', '0.2223'], ['0.00013032', '27.3759'], ['0.00013033', '5.8005'], ['0.00013034', '25'], ['0.00013036', '1200'], ['0.00013037', '53.1424'], ['0.00013038', '37.7684'], ['0.00013039', '0.2072'], ['0.0001304', '3.506'], ['0.00013042', '5.6415'], ['0.00013044', '4.9833'], ['0.00013046', '8.7732'], ['0.00013047', '9.7594'], ['0.0001305', '38.2863'], ['0.00013052', '15.5819'], ['0.00013056', '4.3723'], ['0.00013057', '0.0946'], ['0.00013059', '99.9233'], ['0.00013061', '9.2'], ['0.00013062', '0.1764'], ['0.00013064', '501.914'], ['0.00013066', '31.6207'], ['0.00013067', '0.257'], ['0.00013068', '1.9451'], ['0.00013069', '2.053'], ['0.0001307', '8.9243'], ['0.00013072', '36.9964'], ['0.00013074', '1.8339'], ['0.00013075', '352.63655519'], ['0.00013076', '1.2495'], ['0.00013077', '0.8736'], ['0.00013079', '18'], ['0.0001308', '18.0728'], ['0.00013081', '30.792'], ['0.00013083', '5.93'], ['0.00013084', '13.0024'], ['0.00013085', '10.39'], ['0.00013086', '4.2344'], ['0.00013088', '0.512'], ['0.00013089', '12.0256'], ['0.00013092', '22.3694'], ['0.00013095', '30.1283'], ['0.00013097', '17.5621'], ['0.00013098', '3.1901'], ['0.00013099', '10.1989'], ['0.000131', '313.3685'], ['0.00013101', '10.2072'], ['0.00013102', '33.9732'], ['0.00013105', '21.8197'], ['0.00013106', '21.5999'], ['0.00013107', '10.6289'], ['0.00013108', '11.6324'], ['0.00013109', '0.6656'], ['0.00013111', '24.5414'], ['0.00013112', '12.0014'], ['0.00013115', '13.9567'], ['0.00013116', '10.7654'], ['0.00013117', '547.1619'], ['0.00013118', '1192.248'], ['0.00013119', '0.4744'], ['0.0001312', '65.81'], ['0.00013121', '0.1002'], ['0.00013131', '146.3499'], ['0.00013132', '7.6266'], ['0.00013133', '12.3888'], ['0.00013134', '5.0345'], ['0.00013137', '13.9723'], ['0.00013138', '2.7263'], ['0.00013139', '0.1764'], ['0.0001314', '3.0949'], ['0.00013141', '4.5796'], ['0.00013142', '9.7594'], ['0.00013143', '2.3699'], ['0.00013144', '11.5949'], ['0.00013145', '4.9833'], ['0.00013146', '99.1656'], ['0.00013147', '19.8'], ['0.00013148', '0.2293'], ['0.0001315', '55.7285']], 'bids': [['0.00012957', '7.9212'], ['0.00012956', '9.6557'], ['0.00012955', '5.2778'], ['0.00012954', '13.4598'], ['0.00012953', '16.384'], ['0.00012952', '402.2797'], ['0.0001295', '6008.4977'], ['0.00012949', '19.4696'], ['0.00012946', '2.9125'], ['0.00012945', '23.4'], ['0.00012944', '2.7348'], ['0.00012943', '6.1058'], ['0.00012942', '36'], ['0.00012941', '275.4628'], ['0.00012939', '0.2248'], ['0.00012934', '21.7756'], ['0.00012931', '6.3498'], ['0.00012926', '0.512'], ['0.00012923', '0.39'], ['0.00012922', '424.5106'], ['0.00012921', '398.0326'], ['0.00012919', '1.7951'], ['0.00012918', '7.7349'], ['0.00012917', '0.2072'], ['0.00012915', '0.8736'], ['0.00012913', '25'], ['0.00012911', '19.9217'], ['0.0001291', '3.5963'], ['0.00012907', '0.1764'], ['0.00012905', '0.5748'], ['0.00012904', '0.0946'], ['0.000129', '284.8321'], ['0.00012898', '0.1284'], ['0.00012895', '20'], ['0.00012894', '8.5641'], ['0.00012892', '4.9833'], ['0.00012889', '11.5949'], ['0.00012888', '5.93'], ['0.00012886', '0.5625'], ['0.00012885', '16.1803'], ['0.00012884', '8.8155'], ['0.00012878', '11.508'], ['0.00012877', '3.5052'], ['0.00012873', '0.4744'], ['0.00012872', '1200'], ['0.00012869', '67.0724'], ['0.00012865', '0.0302'], ['0.00012864', '0.119'], ['0.00012863', '0.0772'], ['0.00012861', '26.6425'], ['0.00012859', '13.0024'], ['0.00012857', '25.3092'], ['0.00012855', '0.2072'], ['0.00012852', '25'], ['0.0001285', '636.8959'], ['0.00012847', '23.1285'], ['0.00012846', '4.3878'], ['0.00012845', '2.2556'], ['0.00012844', '398.0841'], ['0.00012842', '502.9658'], ['0.00012841', '12.7182'], ['0.00012834', '0.8736'], ['0.0001283', '0.2764'], ['0.00012828', '0.1849'], ['0.00012827', '0.1332'], ['0.00012826', '0.5748'], ['0.00012825', '25.7118'], ['0.00012823', '0.1672'], ['0.00012822', '8.7732'], ['0.00012821', '4.0165'], ['0.00012816', '177.2118'], ['0.00012813', '7.2355'], ['0.00012812', '0.4217'], ['0.0001281', '20.0652'], ['0.00012807', '8.8012'], ['0.00012805', '6188.0763'], ['0.00012804', '11.5949'], ['0.00012803', '3.1901'], ['0.00012801', '1212.0597'], ['0.000128', '8337.3806'], ['0.00012799', '88.3284'], ['0.00012797', '0.3151'], ['0.00012795', '14.7195'], ['0.00012794', '2006.6228'], ['0.00012791', '31.4044'], ['0.0001279', '1204.9833'], ['0.00012786', '425.8518'], ['0.00012785', '52.3529'], ['0.00012784', '17.5169'], ['0.00012783', '0.1753'], ['0.00012782', '6.3498'], ['0.00012781', '5.459'], ['0.0001278', '10.0673'], ['0.00012778', '0.7129'], ['0.00012777', '6.3019'], ['0.00012775', '0.2293'], ['0.00012774', '0.5625'], ['0.00012771', '363.7776'], ['0.00012769', '3.5387'], ['0.00012767', '396.289']], 'time': 1582345011129}
[['1582344000', '0.00012968', '0.00012957', '0.00012971', '0.00012955', '1078.3733', '0.139791909264'], ['1582340400', '0.0001298', '0.00012967', '0.00013018', '0.00012967', '6430.831', '0.835169181208'], ['1582336800', '0.00012971', '0.00012977', '0.0001298', '0.00012952', '6909.49224261', '0.89650227317968'], ['1582333200', '0.00012965', '0.00012972', '0.00012976', '0.00012935', '6083.14992116', '0.788205377685542'], ['1582329600', '0.00012996', '0.00012974', '0.00013009', '0.00012957', '4450.74857731', '0.5776296737487645']]
['BTC', 'KCS', 'USDS', 'ALTS']
SNX-USDT
SNX
XLM-USDT
XLM
VET-USDT
VET
GO-USDT
GO
EOS-USDT
EOS
ETC-USDT
ETC
ITC-USDT
ITC
LTC-USDT
LTC
GGC-USDT
GGC
NANO-USDT
NANO
LYM-USDT
LYM
TKY-USDT
TKY
ONT-USDT
ONT
SUSD-USDT
SUSD
TRX-USDT
TRX
BCHSV-USDT
BCHSV
BCHABC-USDT
BCHABC
KCS-USDT
KCS
NEO-USDT
NEO
ETH-USDT
ETH
BTC-USDT
BTC
AVA-USDT
AVA
MHC-USDT
MHC
ODE-USDT
ODE
MTV-USDT
MTV
TEL-USDT
TEL
TRY-USDT
TRY
ATOM-USDT
ATOM
ETN-USDT
ETN
TOMO-USDT
TOMO
VSYS-USDT
VSYS
CHR-USDT
CHR
COTI-USDT
COTI
BNB-USDT
BNB
JAR-USDT
JAR
ALGO-USDT
ALGO
VOL-USDT
VOL
XEM-USDT
XEM
CIX100-USDT
CIX100
XTZ-USDT
XTZ
ZEC-USDT
ZEC
ADA-USDT
ADA
R-USDT
R
WXT-USDT
WXT
OGO-USDT
OGO
FORESTPLUS-USDT
FORESTPLUS
BOLT-USDT
BOLT
ARPA-USDT
ARPA
WGP-USDT
WGP
DAPPT-USDT
DAPPT
NOIA-USDT
NOIA
BLOC-USDT
BLOC
WIN-USDT
WIN
DERO-USDT
DERO
BTT-USDT
BTT
EOSC-USDT
EOSC
ENQ-USDT
ENQ
ONE-USDT
ONE
TOKO-USDT
TOKO
VID-USDT
VID
LUNA-USDT
LUNA
SDT-USDT
SDT
AMIO-USDT
AMIO
NUSD-USDT
NUSD
MXW-USDT
MXW
SXP-USDT
SXP
AKRO-USDT
AKRO
MAP-USDT
MAP
AMPL-USDT
AMPL
DAG-USDT
DAG
ARX-USDT
ARX
NWC-USDT
NWC
BEPRO-USDT
BEPRO
VRA-USDT
VRA
KSM-USDT
KSM
XNS-USDT
XNS
ROAD-USDT
ROAD
KAT-USDT
KAT
XRP-USDT
XRP
GRIN-USDT
GRIN
Got data for 80 pairs
5c6a498b99a1d816cb95f925
5df08d33e509490008aac68e
5d29a23337e33a3a604095af
5dcfb3861314e112d766c936
5dcfb3173c48d51223ddb0a8
5e14ed457e612d0009cfa8bc
5e01b021e50949000805455b
5c6a4dd499a1d8174301dee4
5e1ec7cf7e612d0009651cd4
5dcfeefab84bcf1355d4a4e2
5e135860d1467a0009107816
5dcfb0ba1314e112d7610e98
5e2016427e612d0009cf76ac
5dfac274b35693000875550a
5dd7c0e83c48d51223aff8cc
5dcfb4c21314e112d76987dd
5dd05af6e5b692131796751c
5c6a4d7199a1d817bace72c7
5c6a4c2a99a1d819394232ff
5e48129267436200094a78a4
5dcfcdc1b84bcf13558dd2a4
5e0939a2ecb86500095de389
5e490dd37e612d0009226cbc
5dd256a7e5b6921317927b92
5e061c128eee630008be7c4f
5e3134b003ef0a0008fc5665
5ca9284737e33a0f465f111d
5e16ee747e612d00094667fc
5e144f9a67436200090ccc5f
5e16f4357e612d000957d10a
5e49080203ef0a000876e301
5e01a657e509490008f107be
5c6a50b299a1d81a3411d317
5c6a4bae99a1d81743ef2dcf
5c6d45fc0d48eb1174c9858c
5c6a4d3599a1d8165a89dde5
5c6a4d0099a1d81c4f836bd6
5dcfbebce5b692131759e0f4
5c6a511a99a1d816cbd902db
{'sequence': '1568828521711', 'asks': [['0.00012958', '434.7302'], ['0.0001296', '11.3666'], ['0.00012964', '275.078'], ['0.00012966', '7.9097'], ['0.00012972', '5.6358'], ['0.00012977', '2.3769'], ['0.00012978', '25.2'], ['0.00012979', '25.1993'], ['0.00012983', '7.3861'], ['0.0001299', '166.4742'], ['0.00012994', '21.5999'], ['0.00012995', '6.7324'], ['0.00012999', '23.3512'], ['0.00013005', '2.7483'], ['0.00013012', '0.3675'], ['0.00013018', '8.6382'], ['0.00013023', '0.2293'], ['0.00013024', '5.954'], ['0.00013025', '0.1234'], ['0.00013031', '0.2223'], ['0.00013032', '27.3759'], ['0.00013033', '5.8005'], ['0.00013034', '25'], ['0.00013035', '275.4894'], ['0.00013036', '1200'], ['0.00013037', '53.1424'], ['0.00013038', '37.7684'], ['0.00013039', '0.2072'], ['0.0001304', '3.506'], ['0.00013042', '5.6415'], ['0.00013044', '4.9833'], ['0.00013046', '8.7732'], ['0.00013047', '9.7594'], ['0.0001305', '38.2863'], ['0.00013052', '15.5819'], ['0.00013056', '4.3723'], ['0.00013057', '0.0946'], ['0.00013059', '99.9233'], ['0.00013061', '9.2'], ['0.00013062', '0.1764'], ['0.00013064', '501.914'], ['0.00013066', '31.6207'], ['0.00013067', '0.257'], ['0.00013068', '1.9451'], ['0.00013069', '2.053'], ['0.0001307', '8.9243'], ['0.00013072', '36.9964'], ['0.00013074', '1.8339'], ['0.00013075', '352.63655519'], ['0.00013076', '1.2495'], ['0.00013077', '0.8736'], ['0.00013079', '18'], ['0.0001308', '18.0728'], ['0.00013081', '30.792'], ['0.00013083', '5.93'], ['0.00013084', '13.0024'], ['0.00013085', '10.39'], ['0.00013086', '4.2344'], ['0.00013088', '0.512'], ['0.00013089', '12.0256'], ['0.00013092', '22.3694'], ['0.00013095', '30.1283'], ['0.00013097', '17.5621'], ['0.00013098', '3.1901'], ['0.00013099', '10.1989'], ['0.000131', '313.3685'], ['0.00013101', '10.2072'], ['0.00013102', '33.9732'], ['0.00013105', '21.8197'], ['0.00013106', '21.5999'], ['0.00013107', '10.6289'], ['0.00013108', '11.6324'], ['0.00013109', '0.6656'], ['0.00013111', '24.5414'], ['0.00013112', '12.0014'], ['0.00013115', '13.9567'], ['0.00013116', '10.7654'], ['0.00013117', '547.1619'], ['0.00013118', '1192.248'], ['0.00013119', '0.4744'], ['0.0001312', '65.81'], ['0.00013121', '0.1002'], ['0.00013131', '146.3499'], ['0.00013132', '7.6266'], ['0.00013133', '12.3888'], ['0.00013134', '5.0345'], ['0.00013137', '13.9723'], ['0.00013138', '2.7263'], ['0.00013139', '3.2713'], ['0.00013141', '4.5796'], ['0.00013142', '9.7594'], ['0.00013143', '2.3699'], ['0.00013144', '11.5949'], ['0.00013145', '4.9833'], ['0.00013146', '99.1656'], ['0.00013147', '19.8'], ['0.00013148', '0.2293'], ['0.0001315', '55.7285'], ['0.00013151', '11.625'], ['0.00013152', '380.1279']], 'bids': [['0.00012957', '7.9212'], ['0.00012956', '9.6557'], ['0.00012955', '5.2778'], ['0.00012954', '29.7263'], ['0.00012952', '402.2797'], ['0.0001295', '6008.4977'], ['0.00012949', '19.4696'], ['0.00012947', '16.7814'], ['0.00012946', '2.9125'], ['0.00012945', '23.4'], ['0.00012944', '2.7348'], ['0.00012943', '6.1058'], ['0.00012942', '36'], ['0.0001294', '1.8182'], ['0.00012939', '0.2248'], ['0.00012934', '21.7756'], ['0.00012931', '6.3498'], ['0.00012926', '0.512'], ['0.00012923', '0.39'], ['0.00012922', '424.5106'], ['0.00012921', '398.0326'], ['0.00012919', '1.7951'], ['0.00012918', '7.7349'], ['0.00012917', '0.2072'], ['0.00012915', '0.8736'], ['0.00012913', '25'], ['0.00012911', '19.9217'], ['0.0001291', '3.5963'], ['0.00012907', '0.1764'], ['0.00012905', '0.5748'], ['0.00012904', '0.0946'], ['0.000129', '284.8321'], ['0.00012898', '0.1284'], ['0.00012895', '20'], ['0.00012894', '8.5641'], ['0.00012892', '4.9833'], ['0.00012889', '11.5949'], ['0.00012888', '5.93'], ['0.00012886', '0.5625'], ['0.00012885', '16.1803'], ['0.00012884', '8.8155'], ['0.00012878', '11.508'], ['0.00012877', '3.5052'], ['0.00012873', '0.4744'], ['0.00012872', '1200'], ['0.00012869', '67.0724'], ['0.00012865', '0.0302'], ['0.00012864', '0.119'], ['0.00012863', '0.0772'], ['0.00012861', '26.6425'], ['0.00012859', '13.0024'], ['0.00012857', '25.3092'], ['0.00012855', '0.2072'], ['0.00012852', '25'], ['0.0001285', '636.8959'], ['0.00012847', '23.1285'], ['0.00012846', '4.3878'], ['0.00012845', '2.2556'], ['0.00012844', '398.0841'], ['0.00012842', '502.9658'], ['0.00012841', '12.7182'], ['0.00012834', '0.8736'], ['0.0001283', '0.2764'], ['0.00012828', '0.1849'], ['0.00012827', '0.1332'], ['0.00012826', '0.5748'], ['0.00012825', '25.7118'], ['0.00012823', '0.1672'], ['0.00012822', '8.7732'], ['0.00012821', '4.0165'], ['0.00012816', '177.2118'], ['0.00012813', '7.2355'], ['0.00012812', '0.4217'], ['0.0001281', '20.0652'], ['0.00012807', '8.8012'], ['0.00012805', '6188.0763'], ['0.00012804', '11.5949'], ['0.00012803', '3.1901'], ['0.00012801', '1212.0597'], ['0.000128', '8337.3806'], ['0.00012799', '88.3284'], ['0.00012797', '0.3151'], ['0.00012795', '14.7195'], ['0.00012794', '2006.6228'], ['0.00012791', '31.4044'], ['0.0001279', '1204.9833'], ['0.00012786', '425.8518'], ['0.00012785', '52.3529'], ['0.00012784', '17.5169'], ['0.00012783', '0.1753'], ['0.00012782', '6.3498'], ['0.00012781', '5.459'], ['0.0001278', '10.0673'], ['0.00012778', '0.7129'], ['0.00012777', '6.3019'], ['0.00012775', '0.2293'], ['0.00012774', '0.5625'], ['0.00012771', '363.7776'], ['0.00012769', '3.5387'], ['0.00012767', '396.289']], 'time': 1582345025944}
[['1582344000', '0.00012968', '0.00012957', '0.00012971', '0.00012955', '1078.3733', '0.139791909264'], ['1582340400', '0.0001298', '0.00012967', '0.00013018', '0.00012967', '6430.831', '0.835169181208'], ['1582336800', '0.00012971', '0.00012977', '0.0001298', '0.00012952', '6909.49224261', '0.89650227317968'], ['1582333200', '0.00012965', '0.00012972', '0.00012976', '0.00012935', '6083.14992116', '0.788205377685542'], ['1582329600', '0.00012996', '0.00012974', '0.00013009', '0.00012957', '4450.74857731', '0.5776296737487645']]
['BTC', 'KCS', 'USDS', 'ALTS']
SNX-USDT
SNX
XLM-USDT
XLM
VET-USDT
VET
GO-USDT
GO
EOS-USDT
EOS
ETC-USDT
ETC
ITC-USDT
ITC
LTC-USDT
LTC
GGC-USDT
GGC
NANO-USDT
NANO
LYM-USDT
LYM
TKY-USDT
TKY
ONT-USDT
ONT
SUSD-USDT
SUSD
TRX-USDT
TRX
BCHSV-USDT
BCHSV
BCHABC-USDT
BCHABC
KCS-USDT
KCS
NEO-USDT
NEO
ETH-USDT
ETH
BTC-USDT
BTC
AVA-USDT
AVA
MHC-USDT
MHC
ODE-USDT
ODE
MTV-USDT
MTV
TEL-USDT
TEL
TRY-USDT
TRY
ATOM-USDT
ATOM
ETN-USDT
ETN
TOMO-USDT
TOMO
VSYS-USDT
VSYS
CHR-USDT
CHR
COTI-USDT
COTI
BNB-USDT
BNB
JAR-USDT
JAR
ALGO-USDT
ALGO
VOL-USDT
VOL
XEM-USDT
XEM
CIX100-USDT
CIX100
XTZ-USDT
XTZ
ZEC-USDT
ZEC
ADA-USDT
ADA
R-USDT
R
WXT-USDT
WXT
OGO-USDT
OGO
FORESTPLUS-USDT
FORESTPLUS
BOLT-USDT
BOLT
ARPA-USDT
ARPA
WGP-USDT
WGP
DAPPT-USDT
DAPPT
NOIA-USDT
NOIA
BLOC-USDT
BLOC
WIN-USDT
WIN
DERO-USDT
DERO
BTT-USDT
BTT
EOSC-USDT
EOSC
ENQ-USDT
ENQ
ONE-USDT
ONE
TOKO-USDT
TOKO
VID-USDT
VID
LUNA-USDT
LUNA
SDT-USDT
SDT
AMIO-USDT
AMIO
NUSD-USDT
NUSD
MXW-USDT
MXW
SXP-USDT
SXP
AKRO-USDT
AKRO
MAP-USDT
MAP
AMPL-USDT
AMPL
DAG-USDT
DAG
ARX-USDT
ARX
NWC-USDT
NWC
BEPRO-USDT
BEPRO
VRA-USDT
VRA
KSM-USDT
KSM
XNS-USDT
XNS
ROAD-USDT
ROAD
KAT-USDT
KAT
XRP-USDT
XRP
GRIN-USDT
GRIN
Got data for 80 pairs
5c6a498b99a1d816cb95f925
5df08d33e509490008aac68e
5d29a23337e33a3a604095af
5dcfb3861314e112d766c936
5dcfb3173c48d51223ddb0a8
5e14ed457e612d0009cfa8bc
5e01b021e50949000805455b
5c6a4dd499a1d8174301dee4
5e1ec7cf7e612d0009651cd4
5dcfeefab84bcf1355d4a4e2
5e135860d1467a0009107816
5dcfb0ba1314e112d7610e98
5e2016427e612d0009cf76ac
5dfac274b35693000875550a
5dd7c0e83c48d51223aff8cc
5dcfb4c21314e112d76987dd
5dd05af6e5b692131796751c
5c6a4d7199a1d817bace72c7
5c6a4c2a99a1d819394232ff
5e48129267436200094a78a4
5dcfcdc1b84bcf13558dd2a4
5e0939a2ecb86500095de389
5e490dd37e612d0009226cbc
5dd256a7e5b6921317927b92
5e061c128eee630008be7c4f
5e3134b003ef0a0008fc5665
5ca9284737e33a0f465f111d
5e16ee747e612d00094667fc
5e144f9a67436200090ccc5f
5e16f4357e612d000957d10a
5e49080203ef0a000876e301
5e01a657e509490008f107be
5c6a50b299a1d81a3411d317
5c6a4bae99a1d81743ef2dcf
5c6d45fc0d48eb1174c9858c
5c6a4d3599a1d8165a89dde5
5c6a4d0099a1d81c4f836bd6
5dcfbebce5b692131759e0f4
5c6a511a99a1d816cbd902db
{'sequence': '1568828533936', 'asks': [['0.00012971', '17.2524'], ['0.00012972', '0.2563'], ['0.00012974', '400'], ['0.00012975', '9.2295'], ['0.00012976', '138.6225'], ['0.00012977', '22.4785'], ['0.00012978', '375.2'], ['0.00012979', '302.3677'], ['0.00012983', '7.3861'], ['0.00012988', '18'], ['0.00012994', '30.5999'], ['0.00013009', '11.723'], ['0.00013018', '8.6382'], ['0.00013023', '0.2293'], ['0.00013024', '3.1901'], ['0.00013025', '0.1234'], ['0.00013031', '0.2223'], ['0.00013032', '23.0556'], ['0.00013033', '21.6197'], ['0.00013034', '25'], ['0.00013036', '1200'], ['0.00013037', '53.1424'], ['0.00013038', '8.9684'], ['0.00013039', '0.2072'], ['0.0001304', '3.506'], ['0.00013042', '5.6415'], ['0.00013044', '4.9833'], ['0.00013046', '8.7732'], ['0.00013047', '9.7594'], ['0.0001305', '39.2863'], ['0.00013051', '10.6289'], ['0.00013052', '15.5819'], ['0.00013056', '4.3723'], ['0.00013057', '0.0946'], ['0.00013059', '99.9233'], ['0.00013061', '9.2'], ['0.00013062', '0.1764'], ['0.00013064', '501.9266'], ['0.00013066', '31.6207'], ['0.00013067', '0.4959'], ['0.00013068', '1.9451'], ['0.00013069', '2.053'], ['0.0001307', '8.9243'], ['0.00013071', '14.7958'], ['0.00013072', '15.3965'], ['0.00013074', '6.1542'], ['0.00013075', '355.38485519'], ['0.00013076', '0.8818'], ['0.00013077', '0.8736'], ['0.00013078', '21.5999'], ['0.0001308', '15.9498'], ['0.00013081', '33.5559'], ['0.00013082', '1.7429'], ['0.00013083', '5.93'], ['0.00013084', '13.0024'], ['0.00013085', '10.39'], ['0.00013086', '4.2344'], ['0.00013088', '0.6406'], ['0.00013089', '12.0256'], ['0.00013092', '22.3694'], ['0.00013095', '29.9833'], ['0.00013097', '0.3677'], ['0.00013098', '24.79'], ['0.000131', '298.8083'], ['0.00013101', '10.3522'], ['0.00013102', '8.7732'], ['0.00013105', '47.0197'], ['0.00013108', '10.1734'], ['0.00013109', '0.6656'], ['0.0001311', '10.1989'], ['0.00013111', '24.5288'], ['0.00013112', '10.2879'], ['0.00013115', '33.7567'], ['0.00013116', '10.7654'], ['0.00013117', '521.9619'], ['0.00013118', '1207.8143'], ['0.00013119', '0.4744'], ['0.0001312', '65.81'], ['0.00013121', '0.1002'], ['0.00013131', '147.8089'], ['0.00013132', '7.6266'], ['0.00013133', '12.3888'], ['0.00013134', '5.0632'], ['0.00013137', '4.3723'], ['0.00013138', '99.1894'], ['0.00013139', '0.1764'], ['0.00013141', '4.5796'], ['0.00013142', '9.7594'], ['0.00013143', '2.3699'], ['0.00013144', '11.5949'], ['0.00013145', '4.9833'], ['0.00013146', '0.1672'], ['0.00013148', '0.2293'], ['0.0001315', '56.7285'], ['0.00013151', '31.425'], ['0.00013152', '405.3279'], ['0.00013153', '22'], ['0.00013155', '10.0216'], ['0.00013156', '525.3614'], ['0.00013157', '0.2351']], 'bids': [['0.00012969', '423.4'], ['0.00012968', '0.0163'], ['0.00012967', '55.3795'], ['0.00012966', '1.2558'], ['0.00012965', '30.5318'], ['0.00012964', '14.2699'], ['0.0001296', '138.7849'], ['0.00012953', '20.0801'], ['0.00012952', '350'], ['0.00012951', '23.4'], ['0.0001295', '6009.6202'], ['0.00012949', '34.1999'], ['0.00012948', '2.6157'], ['0.00012947', '36'], ['0.00012946', '0.0398'], ['0.00012944', '2.7348'], ['0.00012943', '4.9833'], ['0.0001294', '1.8182'], ['0.00012939', '0.2248'], ['0.00012938', '13.3423'], ['0.00012937', '365.9223'], ['0.00012934', '21.7756'], ['0.00012931', '6.3498'], ['0.00012926', '0.512'], ['0.00012923', '0.39'], ['0.00012921', '398.0326'], ['0.00012919', '1.7951'], ['0.00012918', '7.7349'], ['0.00012917', '0.2072'], ['0.00012915', '0.8736'], ['0.00012913', '25'], ['0.00012911', '19.9217'], ['0.0001291', '3.5963'], ['0.00012907', '0.1764'], ['0.00012905', '30.9501'], ['0.00012904', '0.0946'], ['0.000129', '284.8321'], ['0.00012898', '0.1284'], ['0.00012895', '20'], ['0.00012894', '8.5641'], ['0.00012892', '4.9833'], ['0.00012889', '11.5949'], ['0.00012888', '5.93'], ['0.00012886', '0.5625'], ['0.00012885', '16.1803'], ['0.00012884', '8.8155'], ['0.00012878', '11.508'], ['0.00012877', '3.5052'], ['0.00012873', '0.4744'], ['0.00012872', '1200'], ['0.00012869', '67.0724'], ['0.00012865', '0.0302'], ['0.00012864', '0.119'], ['0.00012863', '0.0772'], ['0.00012861', '26.6425'], ['0.00012859', '13.0024'], ['0.00012857', '25.3092'], ['0.00012855', '0.2072'], ['0.00012852', '25'], ['0.0001285', '684.643'], ['0.00012847', '23.1285'], ['0.00012846', '4.3878'], ['0.00012845', '2.2556'], ['0.00012844', '398.0841'], ['0.00012842', '502.9658'], ['0.00012841', '12.7182'], ['0.00012834', '0.8736'], ['0.0001283', '0.2764'], ['0.00012828', '0.1849'], ['0.00012827', '0.1332'], ['0.00012826', '0.5748'], ['0.00012825', '25.7118'], ['0.00012823', '0.1672'], ['0.00012822', '8.7732'], ['0.00012821', '4.0165'], ['0.00012816', '177.2118'], ['0.00012813', '7.2355'], ['0.00012812', '0.4217'], ['0.0001281', '20.0652'], ['0.00012807', '8.8012'], ['0.00012805', '6188.0763'], ['0.00012804', '11.5949'], ['0.00012803', '3.1901'], ['0.00012801', '1212.0597'], ['0.000128', '8337.3806'], ['0.00012799', '88.3284'], ['0.00012797', '0.3151'], ['0.00012795', '14.7195'], ['0.00012794', '2006.6228'], ['0.00012791', '31.4044'], ['0.0001279', '1204.9833'], ['0.00012786', '425.8518'], ['0.00012785', '52.3529'], ['0.00012784', '17.5169'], ['0.00012783', '0.1753'], ['0.00012782', '6.3498'], ['0.00012781', '5.459'], ['0.0001278', '10.0673'], ['0.00012778', '0.7129'], ['0.00012777', '6.3019']], 'time': 1582345778338}
[['1582344000', '0.00012968', '0.00012971', '0.00012972', '0.00012951', '3776.0056', '0.489371963142'], ['1582340400', '0.0001298', '0.00012967', '0.00013018', '0.00012967', '6430.831', '0.835169181208'], ['1582336800', '0.00012971', '0.00012977', '0.0001298', '0.00012952', '6909.49224261', '0.89650227317968'], ['1582333200', '0.00012965', '0.00012972', '0.00012976', '0.00012935', '6083.14992116', '0.788205377685542'], ['1582329600', '0.00012996', '0.00012974', '0.00013009', '0.00012957', '4450.74857731', '0.5776296737487645']]
['BTC', 'KCS', 'USDS', 'ALTS']
SNX-USDT
SNX
XLM-USDT
XLM
VET-USDT
VET
GO-USDT
GO
EOS-USDT
EOS
ETC-USDT
ETC
ITC-USDT
ITC
LTC-USDT
LTC
GGC-USDT
GGC
NANO-USDT
NANO
LYM-USDT
LYM
TKY-USDT
TKY
ONT-USDT
ONT
SUSD-USDT
SUSD
TRX-USDT
TRX
BCHSV-USDT
BCHSV
BCHABC-USDT
BCHABC
KCS-USDT
KCS
NEO-USDT
NEO
ETH-USDT
ETH
BTC-USDT
BTC
AVA-USDT
AVA
MHC-USDT
MHC
ODE-USDT
ODE
MTV-USDT
MTV
TEL-USDT
TEL
TRY-USDT
TRY
ATOM-USDT
ATOM
ETN-USDT
ETN
TOMO-USDT
TOMO
VSYS-USDT
VSYS
CHR-USDT
CHR
COTI-USDT
COTI
BNB-USDT
BNB
JAR-USDT
JAR
ALGO-USDT
ALGO
VOL-USDT
VOL
XEM-USDT
XEM
CIX100-USDT
CIX100
XTZ-USDT
XTZ
ZEC-USDT
ZEC
ADA-USDT
ADA
R-USDT
R
WXT-USDT
WXT
OGO-USDT
OGO
FORESTPLUS-USDT
FORESTPLUS
BOLT-USDT
BOLT
ARPA-USDT
ARPA
WGP-USDT
WGP
DAPPT-USDT
DAPPT
NOIA-USDT
NOIA
BLOC-USDT
BLOC
WIN-USDT
WIN
DERO-USDT
DERO
BTT-USDT
BTT
EOSC-USDT
EOSC
ENQ-USDT
ENQ
ONE-USDT
ONE
TOKO-USDT
TOKO
VID-USDT
VID
LUNA-USDT
LUNA
SDT-USDT
SDT
AMIO-USDT
AMIO
NUSD-USDT
NUSD
MXW-USDT
MXW
SXP-USDT
SXP
AKRO-USDT
AKRO
MAP-USDT
MAP
AMPL-USDT
AMPL
DAG-USDT
DAG
ARX-USDT
ARX
NWC-USDT
NWC
BEPRO-USDT
BEPRO
VRA-USDT
VRA
KSM-USDT
KSM
XNS-USDT
XNS
ROAD-USDT
ROAD
KAT-USDT
KAT
XRP-USDT
XRP
GRIN-USDT
GRIN
Got data for 80 pairs
5c6a498b99a1d816cb95f925
5df08d33e509490008aac68e
5d29a23337e33a3a604095af
5dcfb3861314e112d766c936
5dcfb3173c48d51223ddb0a8
5e14ed457e612d0009cfa8bc
5e01b021e50949000805455b
5c6a4dd499a1d8174301dee4
5e1ec7cf7e612d0009651cd4
5dcfeefab84bcf1355d4a4e2
5e135860d1467a0009107816
5dcfb0ba1314e112d7610e98
5e2016427e612d0009cf76ac
5dfac274b35693000875550a
5dd7c0e83c48d51223aff8cc
5dcfb4c21314e112d76987dd
5dd05af6e5b692131796751c
5c6a4d7199a1d817bace72c7
5c6a4c2a99a1d819394232ff
5e48129267436200094a78a4
5dcfcdc1b84bcf13558dd2a4
5e0939a2ecb86500095de389
5e490dd37e612d0009226cbc
5dd256a7e5b6921317927b92
5e061c128eee630008be7c4f
5e3134b003ef0a0008fc5665
5ca9284737e33a0f465f111d
5e16ee747e612d00094667fc
5e144f9a67436200090ccc5f
5e16f4357e612d000957d10a
5e49080203ef0a000876e301
5e01a657e509490008f107be
5c6a50b299a1d81a3411d317
5c6a4bae99a1d81743ef2dcf
5c6d45fc0d48eb1174c9858c
5c6a4d3599a1d8165a89dde5
5c6a4d0099a1d81c4f836bd6
5dcfbebce5b692131759e0f4
5c6a511a99a1d816cbd902db
5c6a502a99a1d81b25d887aa
{'sequence': '1568828534220', 'asks': [['0.00012972', '0.2563'], ['0.00012977', '2.3769'], ['0.00012978', '25.2'], ['0.00012979', '25.1993'], ['0.00012982', '10.1589'], ['0.00012983', '7.3861'], ['0.00012987', '538.861'], ['0.00012988', '18'], ['0.00012994', '30.5999'], ['0.00013009', '11.723'], ['0.00013018', '8.6382'], ['0.00013023', '0.2293'], ['0.00013024', '3.1901'], ['0.00013025', '0.1234'], ['0.00013031', '0.2223'], ['0.00013032', '23.0556'], ['0.00013033', '21.6197'], ['0.00013034', '45.1016'], ['0.00013035', '350'], ['0.00013036', '1200'], ['0.00013037', '53.1424'], ['0.00013038', '8.9684'], ['0.00013039', '0.2072'], ['0.0001304', '3.506'], ['0.00013042', '5.6415'], ['0.00013044', '4.9833'], ['0.00013046', '8.7732'], ['0.00013047', '9.7594'], ['0.0001305', '39.2863'], ['0.00013051', '10.6289'], ['0.00013052', '15.5819'], ['0.00013056', '4.3723'], ['0.00013057', '0.0946'], ['0.00013059', '99.9233'], ['0.00013061', '9.2'], ['0.00013062', '0.1764'], ['0.00013064', '501.9266'], ['0.00013066', '31.6207'], ['0.00013067', '0.4959'], ['0.00013068', '1.9451'], ['0.00013069', '2.053'], ['0.0001307', '8.9243'], ['0.00013071', '14.7958'], ['0.00013072', '15.3965'], ['0.00013074', '6.1542'], ['0.00013075', '355.38485519'], ['0.00013076', '0.8818'], ['0.00013077', '0.8736'], ['0.00013078', '21.5999'], ['0.0001308', '15.9498'], ['0.00013081', '33.5559'], ['0.00013082', '1.7429'], ['0.00013083', '5.93'], ['0.00013084', '13.0024'], ['0.00013085', '10.39'], ['0.00013086', '4.2344'], ['0.00013088', '0.6406'], ['0.00013089', '12.0256'], ['0.00013092', '22.3694'], ['0.00013095', '29.9833'], ['0.00013097', '0.3677'], ['0.00013098', '24.79'], ['0.000131', '298.8083'], ['0.00013101', '10.3522'], ['0.00013102', '8.7732'], ['0.00013105', '47.0197'], ['0.00013108', '10.1734'], ['0.00013109', '0.6656'], ['0.0001311', '10.1989'], ['0.00013111', '24.5288'], ['0.00013112', '10.2879'], ['0.00013115', '33.7567'], ['0.00013116', '10.7654'], ['0.00013117', '521.9619'], ['0.00013118', '1207.8143'], ['0.00013119', '0.4744'], ['0.0001312', '65.81'], ['0.00013121', '0.1002'], ['0.00013131', '147.8089'], ['0.00013132', '7.6266'], ['0.00013133', '12.3888'], ['0.00013134', '5.0632'], ['0.00013137', '4.3723'], ['0.00013138', '99.1894'], ['0.00013139', '0.1764'], ['0.00013141', '4.5796'], ['0.00013142', '9.7594'], ['0.00013143', '2.3699'], ['0.00013144', '11.5949'], ['0.00013145', '4.9833'], ['0.00013146', '0.1672'], ['0.00013148', '0.2293'], ['0.0001315', '56.7285'], ['0.00013151', '31.425'], ['0.00013152', '405.3279'], ['0.00013153', '22'], ['0.00013155', '10.0216'], ['0.00013156', '525.3614'], ['0.00013157', '0.2351'], ['0.00013158', '9.7829']], 'bids': [['0.00012971', '420.8582'], ['0.0001297', '350'], ['0.00012968', '0.0163'], ['0.00012967', '55.3795'], ['0.00012966', '1.2558'], ['0.00012965', '20.7231'], ['0.00012964', '14.2699'], ['0.0001296', '20.0801'], ['0.00012956', '9.5693'], ['0.00012951', '23.4'], ['0.0001295', '6009.6202'], ['0.00012949', '34.1999'], ['0.00012948', '2.6157'], ['0.00012947', '36'], ['0.00012946', '0.0398'], ['0.00012944', '836.1763'], ['0.00012943', '4.9833'], ['0.0001294', '1.8182'], ['0.00012939', '0.2248'], ['0.00012938', '13.3423'], ['0.00012937', '0.2667'], ['0.00012934', '21.7756'], ['0.00012931', '6.3498'], ['0.00012926', '0.512'], ['0.00012923', '0.39'], ['0.00012921', '398.0326'], ['0.00012919', '1.7951'], ['0.00012918', '7.7349'], ['0.00012917', '0.2072'], ['0.00012915', '0.8736'], ['0.00012913', '25'], ['0.00012911', '19.9217'], ['0.0001291', '3.5963'], ['0.00012907', '0.1764'], ['0.00012905', '30.9501'], ['0.00012904', '0.0946'], ['0.000129', '284.8321'], ['0.00012898', '0.1284'], ['0.00012895', '20'], ['0.00012894', '8.5641'], ['0.00012892', '4.9833'], ['0.00012889', '11.5949'], ['0.00012888', '5.93'], ['0.00012886', '0.5625'], ['0.00012885', '16.1803'], ['0.00012884', '8.8155'], ['0.00012878', '11.508'], ['0.00012877', '3.5052'], ['0.00012873', '0.4744'], ['0.00012872', '1200'], ['0.00012869', '67.0724'], ['0.00012865', '0.0302'], ['0.00012864', '0.119'], ['0.00012863', '0.0772'], ['0.00012861', '26.6425'], ['0.00012859', '13.0024'], ['0.00012857', '25.3092'], ['0.00012855', '0.2072'], ['0.00012852', '25'], ['0.0001285', '684.643'], ['0.00012847', '23.1285'], ['0.00012846', '4.3878'], ['0.00012845', '2.2556'], ['0.00012844', '398.0841'], ['0.00012842', '502.9658'], ['0.00012841', '12.7182'], ['0.00012834', '0.8736'], ['0.0001283', '0.2764'], ['0.00012828', '0.1849'], ['0.00012827', '0.1332'], ['0.00012826', '0.5748'], ['0.00012825', '25.7118'], ['0.00012823', '0.1672'], ['0.00012822', '8.7732'], ['0.00012821', '4.0165'], ['0.00012816', '177.2118'], ['0.00012813', '7.2355'], ['0.00012812', '0.4217'], ['0.0001281', '20.0652'], ['0.00012807', '8.8012'], ['0.00012805', '6188.0763'], ['0.00012804', '11.5949'], ['0.00012803', '3.1901'], ['0.00012801', '1212.0597'], ['0.000128', '8337.3806'], ['0.00012799', '88.3284'], ['0.00012797', '0.3151'], ['0.00012795', '14.7195'], ['0.00012794', '2006.6228'], ['0.00012791', '31.4044'], ['0.0001279', '1204.9833'], ['0.00012786', '425.8518'], ['0.00012785', '52.3529'], ['0.00012784', '17.5169'], ['0.00012783', '0.1753'], ['0.00012782', '6.3498'], ['0.00012781', '5.459'], ['0.0001278', '10.0673'], ['0.00012778', '0.7129'], ['0.00012777', '6.3019']], 'time': 1582345794807}
[['1582344000', '0.00012968', '0.00012971', '0.00012972', '0.00012951', '3779.4273', '0.489815791849'], ['1582340400', '0.0001298', '0.00012967', '0.00013018', '0.00012967', '6430.831', '0.835169181208'], ['1582336800', '0.00012971', '0.00012977', '0.0001298', '0.00012952', '6909.49224261', '0.89650227317968'], ['1582333200', '0.00012965', '0.00012972', '0.00012976', '0.00012935', '6083.14992116', '0.788205377685542'], ['1582329600', '0.00012996', '0.00012974', '0.00013009', '0.00012957', '4450.74857731', '0.5776296737487645']]
['BTC', 'KCS', 'USDS', 'ALTS']
SNX-USDT
SNX
XLM-USDT
XLM
VET-USDT
VET
GO-USDT
GO
EOS-USDT
EOS
ETC-USDT
ETC
ITC-USDT
ITC
LTC-USDT
LTC
GGC-USDT
GGC
NANO-USDT
NANO
LYM-USDT
LYM
TKY-USDT
TKY
ONT-USDT
ONT
SUSD-USDT
SUSD
TRX-USDT
TRX
BCHSV-USDT
BCHSV
BCHABC-USDT
BCHABC
KCS-USDT
KCS
NEO-USDT
NEO
ETH-USDT
ETH
BTC-USDT
BTC
AVA-USDT
AVA
MHC-USDT
MHC
ODE-USDT
ODE
MTV-USDT
MTV
TEL-USDT
TEL
TRY-USDT
TRY
ATOM-USDT
ATOM
ETN-USDT
ETN
TOMO-USDT
TOMO
VSYS-USDT
VSYS
CHR-USDT
CHR
COTI-USDT
COTI
BNB-USDT
BNB
JAR-USDT
JAR
ALGO-USDT
ALGO
VOL-USDT
VOL
XEM-USDT
XEM
CIX100-USDT
CIX100
XTZ-USDT
XTZ
ZEC-USDT
ZEC
ADA-USDT
ADA
R-USDT
R
WXT-USDT
WXT
OGO-USDT
OGO
FORESTPLUS-USDT
FORESTPLUS
BOLT-USDT
BOLT
ARPA-USDT
ARPA
WGP-USDT
WGP
DAPPT-USDT
DAPPT
NOIA-USDT
NOIA
BLOC-USDT
BLOC
WIN-USDT
WIN
DERO-USDT
DERO
BTT-USDT
BTT
EOSC-USDT
EOSC
ENQ-USDT
ENQ
ONE-USDT
ONE
TOKO-USDT
TOKO
VID-USDT
VID
LUNA-USDT
LUNA
SDT-USDT
SDT
AMIO-USDT
AMIO
NUSD-USDT
NUSD
MXW-USDT
MXW
SXP-USDT
SXP
AKRO-USDT
AKRO
MAP-USDT
MAP
AMPL-USDT
AMPL
DAG-USDT
DAG
ARX-USDT
ARX
NWC-USDT
NWC
BEPRO-USDT
BEPRO
VRA-USDT
VRA
KSM-USDT
KSM
XNS-USDT
XNS
ROAD-USDT
ROAD
KAT-USDT
KAT
XRP-USDT
XRP
GRIN-USDT
GRIN
Got data for 80 pairs
5c6a498b99a1d816cb95f925
5df08d33e509490008aac68e
5d29a23337e33a3a604095af
5dcfb3861314e112d766c936
5dcfb3173c48d51223ddb0a8
5e14ed457e612d0009cfa8bc
5e01b021e50949000805455b
5c6a4dd499a1d8174301dee4
5e1ec7cf7e612d0009651cd4
5dcfeefab84bcf1355d4a4e2
5e135860d1467a0009107816
5dcfb0ba1314e112d7610e98
5e2016427e612d0009cf76ac
5dfac274b35693000875550a
5dd7c0e83c48d51223aff8cc
5dcfb4c21314e112d76987dd
5dd05af6e5b692131796751c
5c6a4d7199a1d817bace72c7
5c6a4c2a99a1d819394232ff
5e48129267436200094a78a4
5dcfcdc1b84bcf13558dd2a4
5e0939a2ecb86500095de389
5e490dd37e612d0009226cbc
5dd256a7e5b6921317927b92
5e061c128eee630008be7c4f
5e3134b003ef0a0008fc5665
5ca9284737e33a0f465f111d
5e16ee747e612d00094667fc
5e144f9a67436200090ccc5f
5e16f4357e612d000957d10a
5e49080203ef0a000876e301
5e01a657e509490008f107be
5c6a50b299a1d81a3411d317
5c6a4bae99a1d81743ef2dcf
5c6d45fc0d48eb1174c9858c
5c6a4d3599a1d8165a89dde5
5c6a4d0099a1d81c4f836bd6
5dcfbebce5b692131759e0f4
5c6a511a99a1d816cbd902db
5c6a502a99a1d81b25d887aa
{'sequence': '1568828534528', 'asks': [['0.00012977', '2.2543'], ['0.00012978', '25.2'], ['0.00012979', '25.1993'], ['0.00012981', '11.5728'], ['0.00012983', '7.3861'], ['0.00012984', '138.8522'], ['0.00012988', '18'], ['0.00013007', '30.5999'], ['0.00013009', '11.723'], ['0.00013018', '8.6382'], ['0.00013019', '17.5621'], ['0.00013023', '0.2293'], ['0.00013024', '3.1901'], ['0.00013025', '0.1234'], ['0.00013031', '0.2223'], ['0.00013032', '23.0556'], ['0.00013033', '4.0576'], ['0.00013034', '45.1016'], ['0.00013035', '350'], ['0.00013036', '1200'], ['0.00013037', '53.1424'], ['0.00013038', '8.9684'], ['0.00013039', '10.8361'], ['0.0001304', '3.506'], ['0.00013042', '5.6415'], ['0.00013044', '4.9833'], ['0.00013046', '8.7732'], ['0.00013047', '9.7594'], ['0.0001305', '39.2863'], ['0.00013052', '15.5819'], ['0.00013054', '0.0126'], ['0.00013056', '4.3723'], ['0.00013057', '0.0946'], ['0.00013059', '99.9233'], ['0.00013061', '9.2'], ['0.00013062', '0.1764'], ['0.00013064', '501.914'], ['0.00013066', '31.6207'], ['0.00013067', '0.1284'], ['0.00013068', '11.5451'], ['0.00013069', '2.053'], ['0.0001307', '8.9243'], ['0.00013071', '14.7958'], ['0.00013072', '15.3965'], ['0.00013073', '0.3675'], ['0.00013074', '1.8339'], ['0.00013075', '352.63655519'], ['0.00013076', '0.8818'], ['0.00013077', '0.8736'], ['0.00013078', '21.5999'], ['0.00013079', '4.3203'], ['0.0001308', '6.3498'], ['0.00013081', '33.5559'], ['0.00013082', '1.7429'], ['0.00013083', '5.93'], ['0.00013084', '15.7507'], ['0.00013085', '10.39'], ['0.00013086', '4.2344'], ['0.00013088', '0.6406'], ['0.00013089', '12.0256'], ['0.00013092', '22.3694'], ['0.00013095', '29.9833'], ['0.00013097', '0.3677'], ['0.00013098', '24.79'], ['0.000131', '298.8083'], ['0.00013101', '10.3522'], ['0.00013102', '8.7732'], ['0.00013105', '21.8197'], ['0.00013108', '10.1734'], ['0.00013109', '13.137'], ['0.0001311', '10.1989'], ['0.00013111', '24.5288'], ['0.00013112', '10.2879'], ['0.00013114', '19.8'], ['0.00013115', '13.9567'], ['0.00013116', '10.7654'], ['0.00013117', '521.9619'], ['0.00013118', '1195.3429'], ['0.00013119', '0.4744'], ['0.0001312', '65.81'], ['0.00013121', '0.1002'], ['0.00013131', '146.3499'], ['0.00013132', '9.0856'], ['0.00013133', '12.3888'], ['0.00013134', '5.0632'], ['0.00013137', '4.3723'], ['0.00013138', '99.1894'], ['0.00013139', '0.1764'], ['0.00013141', '4.5796'], ['0.00013142', '9.7594'], ['0.00013143', '2.3699'], ['0.00013144', '11.5949'], ['0.00013145', '4.9833'], ['0.00013146', '0.1672'], ['0.00013148', '0.2293'], ['0.00013149', '19.8'], ['0.0001315', '56.7285'], ['0.00013151', '11.625'], ['0.00013152', '405.3279'], ['0.00013153', '22']], 'bids': [['0.00012968', '0.0163'], ['0.00012967', '63.3672'], ['0.00012966', '1.2558'], ['0.00012965', '20.7231'], ['0.00012964', '14.2699'], ['0.00012956', '9.5693'], ['0.00012952', '23.4'], ['0.00012951', '370.0801'], ['0.0001295', '6009.6202'], ['0.00012949', '34.1999'], ['0.00012948', '2.6157'], ['0.00012947', '36'], ['0.00012946', '0.0398'], ['0.00012944', '2.7348'], ['0.00012943', '4.9833'], ['0.0001294', '1.8182'], ['0.00012939', '0.2248'], ['0.00012938', '13.3423'], ['0.00012937', '0.2667'], ['0.00012934', '21.7756'], ['0.00012931', '6.3498'], ['0.00012926', '0.512'], ['0.00012923', '0.39'], ['0.00012921', '398.0326'], ['0.00012919', '1.7951'], ['0.00012918', '7.7349'], ['0.00012917', '0.2072'], ['0.00012915', '0.8736'], ['0.00012913', '25'], ['0.00012911', '19.9217'], ['0.0001291', '3.5963'], ['0.00012907', '0.1764'], ['0.00012905', '30.9501'], ['0.00012904', '0.0946'], ['0.000129', '284.8321'], ['0.00012898', '0.1284'], ['0.00012895', '20'], ['0.00012894', '8.5641'], ['0.00012892', '4.9833'], ['0.00012889', '11.5949'], ['0.00012888', '5.93'], ['0.00012886', '0.5625'], ['0.00012885', '16.1803'], ['0.00012884', '8.8155'], ['0.00012878', '11.508'], ['0.00012877', '3.5052'], ['0.00012873', '0.4744'], ['0.00012872', '1200'], ['0.00012869', '67.0724'], ['0.00012865', '0.0302'], ['0.00012864', '0.119'], ['0.00012863', '0.0772'], ['0.00012861', '26.6425'], ['0.00012859', '13.0024'], ['0.00012857', '25.3092'], ['0.00012855', '0.2072'], ['0.00012852', '25'], ['0.0001285', '684.643'], ['0.00012847', '23.1285'], ['0.00012846', '4.3878'], ['0.00012845', '2.2556'], ['0.00012844', '398.0841'], ['0.00012842', '502.9658'], ['0.00012841', '12.7182'], ['0.00012834', '0.8736'], ['0.0001283', '0.2764'], ['0.00012828', '0.1849'], ['0.00012827', '0.1332'], ['0.00012826', '0.5748'], ['0.00012825', '25.7118'], ['0.00012823', '0.1672'], ['0.00012822', '8.7732'], ['0.00012821', '4.0165'], ['0.00012816', '177.2118'], ['0.00012813', '7.2355'], ['0.00012812', '0.4217'], ['0.0001281', '20.0652'], ['0.00012807', '8.8012'], ['0.00012805', '6188.0763'], ['0.00012804', '11.5949'], ['0.00012803', '3.1901'], ['0.00012801', '1212.0597'], ['0.000128', '8337.3806'], ['0.00012799', '88.3284'], ['0.00012797', '0.3151'], ['0.00012795', '14.7195'], ['0.00012794', '2006.6228'], ['0.00012791', '31.4044'], ['0.0001279', '1204.9833'], ['0.00012786', '425.8518'], ['0.00012785', '52.3529'], ['0.00012784', '17.5169'], ['0.00012783', '0.1753'], ['0.00012782', '6.3498'], ['0.00012781', '5.459'], ['0.0001278', '10.0673'], ['0.00012778', '0.7129'], ['0.00012777', '6.3019'], ['0.00012775', '0.2293'], ['0.00012774', '0.5625']], 'time': 1582345810459}
[['1582344000', '0.00012968', '0.00012975', '0.00012977', '0.00012951', '3787.7875', '0.490900522562'], ['1582340400', '0.0001298', '0.00012967', '0.00013018', '0.00012967', '6430.831', '0.835169181208'], ['1582336800', '0.00012971', '0.00012977', '0.0001298', '0.00012952', '6909.49224261', '0.89650227317968'], ['1582333200', '0.00012965', '0.00012972', '0.00012976', '0.00012935', '6083.14992116', '0.788205377685542'], ['1582329600', '0.00012996', '0.00012974', '0.00013009', '0.00012957', '4450.74857731', '0.5776296737487645']]
['BTC', 'KCS', 'USDS', 'ALTS']
SNX-USDT
SNX
XLM-USDT
XLM
VET-USDT
VET
GO-USDT
GO
EOS-USDT
EOS
ETC-USDT
ETC
ITC-USDT
ITC
LTC-USDT
LTC
GGC-USDT
GGC
NANO-USDT
NANO
LYM-USDT
LYM
TKY-USDT
TKY
ONT-USDT
ONT
SUSD-USDT
SUSD
TRX-USDT
TRX
BCHSV-USDT
BCHSV
BCHABC-USDT
BCHABC
KCS-USDT
KCS
NEO-USDT
NEO
ETH-USDT
ETH
BTC-USDT
BTC
AVA-USDT
AVA
MHC-USDT
MHC
ODE-USDT
ODE
MTV-USDT
MTV
TEL-USDT
TEL
TRY-USDT
TRY
ATOM-USDT
ATOM
ETN-USDT
ETN
TOMO-USDT
TOMO
VSYS-USDT
VSYS
CHR-USDT
CHR
COTI-USDT
COTI
BNB-USDT
BNB
JAR-USDT
JAR
ALGO-USDT
ALGO
VOL-USDT
VOL
XEM-USDT
XEM
CIX100-USDT
CIX100
XTZ-USDT
XTZ
ZEC-USDT
ZEC
ADA-USDT
ADA
R-USDT
R
WXT-USDT
WXT
OGO-USDT
OGO
FORESTPLUS-USDT
FORESTPLUS
BOLT-USDT
BOLT
ARPA-USDT
ARPA
WGP-USDT
WGP
DAPPT-USDT
DAPPT
NOIA-USDT
NOIA
BLOC-USDT
BLOC
WIN-USDT
WIN
DERO-USDT
DERO
BTT-USDT
BTT
EOSC-USDT
EOSC
ENQ-USDT
ENQ
ONE-USDT
ONE
TOKO-USDT
TOKO
VID-USDT
VID
LUNA-USDT
LUNA
SDT-USDT
SDT
AMIO-USDT
AMIO
NUSD-USDT
NUSD
MXW-USDT
MXW
SXP-USDT
SXP
AKRO-USDT
AKRO
MAP-USDT
MAP
AMPL-USDT
AMPL
DAG-USDT
DAG
ARX-USDT
ARX
NWC-USDT
NWC
BEPRO-USDT
BEPRO
VRA-USDT
VRA
KSM-USDT
KSM
XNS-USDT
XNS
ROAD-USDT
ROAD
KAT-USDT
KAT
XRP-USDT
XRP
GRIN-USDT
GRIN
Got data for 80 pairs
5c6a498b99a1d816cb95f925
5df08d33e509490008aac68e
5d29a23337e33a3a604095af
5dcfb3861314e112d766c936
5dcfb3173c48d51223ddb0a8
5e14ed457e612d0009cfa8bc
5e01b021e50949000805455b
5c6a4dd499a1d8174301dee4
5e1ec7cf7e612d0009651cd4
5dcfeefab84bcf1355d4a4e2
5e135860d1467a0009107816
5dcfb0ba1314e112d7610e98
5e2016427e612d0009cf76ac
5dfac274b35693000875550a
5dd7c0e83c48d51223aff8cc
5dcfb4c21314e112d76987dd
5dd05af6e5b692131796751c
5c6a4d7199a1d817bace72c7
5c6a4c2a99a1d819394232ff
5e48129267436200094a78a4
5dcfcdc1b84bcf13558dd2a4
5e0939a2ecb86500095de389
5e490dd37e612d0009226cbc
5dd256a7e5b6921317927b92
5e061c128eee630008be7c4f
5e3134b003ef0a0008fc5665
5ca9284737e33a0f465f111d
5e16ee747e612d00094667fc
5e144f9a67436200090ccc5f
5e16f4357e612d000957d10a
5e49080203ef0a000876e301
5e01a657e509490008f107be
5c6a50b299a1d81a3411d317
5c6a4bae99a1d81743ef2dcf
5c6d45fc0d48eb1174c9858c
5c6a4d3599a1d8165a89dde5
5c6a4d0099a1d81c4f836bd6
5dcfbebce5b692131759e0f4
5c6a511a99a1d816cbd902db
5c6a502a99a1d81b25d887aa
5c6a4b4a99a1d8182d24d106
5c6a4ef099a1d81a34027a23
5c6a4e4999a1d81743063668
5c6a4b3399a1d81c16404a07
5c6a512899a1d81c4fa88b11
5e12157b6e628b00093db8f0
5e2e45451ca8410008c63dcb
5ca409fd4b2e2f639721582c
5e153b527cb36900089197eb
5dcfad46e5b6921317345be7
5d0601d437e33a26b6a37c60
5e019aeab97132000808e26a
5dd2a1be3c48d51223d7360c
5cb8675dcbfc7b572e2310aa
5d26d54f0d48eb5d5c267dad
{'balance': '2.61109093', 'available': '0.15265154', 'holds': '2.45843938', 'currency': 'ETH', 'id': '5c6a498b99a1d816cb95f925', 'type': 'trade'}
{'balance': '468.9515296', 'available': '0.00000008', 'holds': '468.95152952', 'currency': 'USDT', 'id': '5df08d33e509490008aac68e', 'type': 'trade'}
{'balance': '247.414922', 'available': '0', 'holds': '247.414922', 'currency': 'TIME', 'id': '5d29a23337e33a3a604095af', 'type': 'trade'}
{'balance': '51690.644', 'available': '0', 'holds': '51690.644', 'currency': 'QKC', 'id': '5dcfb3861314e112d766c936', 'type': 'trade'}
{'balance': '12286.7726', 'available': '0', 'holds': '12286.7726', 'currency': 'TRAC', 'id': '5dcfb3173c48d51223ddb0a8', 'type': 'trade'}
{'balance': '87.8349', 'available': '0', 'holds': '87.8349', 'currency': 'NRG', 'id': '5e14ed457e612d0009cfa8bc', 'type': 'trade'}
{'balance': '262608.1554', 'available': '0', 'holds': '262608.1554', 'currency': 'BTT', 'id': '5e01b021e50949000805455b', 'type': 'trade'}
{'balance': '60148.5067017', 'available': '0.0000017', 'holds': '60148.5067', 'currency': 'AOA', 'id': '5c6a4dd499a1d8174301dee4', 'type': 'trade'}
{'balance': '894.7256', 'available': '0', 'holds': '894.7256', 'currency': 'AVA', 'id': '5e1ec7cf7e612d0009651cd4', 'type': 'trade'}
{'balance': '14988.3692', 'available': '0', 'holds': '14988.3692', 'currency': 'ZIL', 'id': '5dcfeefab84bcf1355d4a4e2', 'type': 'trade'}
{'balance': '98.26717305', 'available': '0', 'holds': '98.26717305', 'currency': 'SNX', 'id': '5e135860d1467a0009107816', 'type': 'trade'}
{'balance': '2691.4949', 'available': '0', 'holds': '2691.4949', 'currency': 'AERGO', 'id': '5dcfb0ba1314e112d7610e98', 'type': 'trade'}
{'balance': '71052.66', 'available': '0', 'holds': '71052.66', 'currency': 'CAPP', 'id': '5e2016427e612d0009cf76ac', 'type': 'trade'}
{'balance': '657.735615', 'available': '0', 'holds': '657.735615', 'currency': 'AION', 'id': '5dfac274b35693000875550a', 'type': 'trade'}
{'balance': '0.1299', 'available': '0', 'holds': '0.1299', 'currency': 'MKR', 'id': '5dd7c0e83c48d51223aff8cc', 'type': 'trade'}
{'balance': '336908.08', 'available': '0', 'holds': '336908.08', 'currency': 'TEL', 'id': '5dcfb4c21314e112d76987dd', 'type': 'trade'}
{'balance': '30005.3699', 'available': '0', 'holds': '30005.3699', 'currency': 'FKX', 'id': '5dd05af6e5b692131796751c', 'type': 'trade'}
{'balance': '9759.24948738', 'available': '0.00008738', 'holds': '9759.2494', 'currency': 'VET', 'id': '5c6a4d7199a1d817bace72c7', 'type': 'trade'}
{'balance': '200235.0299224', 'available': '0.0009224', 'holds': '200235.029', 'currency': 'J8T', 'id': '5c6a4c2a99a1d819394232ff', 'type': 'trade'}
{'balance': '13.7238', 'available': '0', 'holds': '13.7238', 'currency': 'EOS', 'id': '5e48129267436200094a78a4', 'type': 'trade'}
{'balance': '2224070.8342', 'available': '0', 'holds': '2224070.8342', 'currency': 'DACC', 'id': '5dcfcdc1b84bcf13558dd2a4', 'type': 'trade'}
{'balance': '47.18426955', 'available': '0.08537209', 'holds': '47.09889745', 'currency': 'TUSD', 'id': '5e0939a2ecb86500095de389', 'type': 'trade'}
{'balance': '40126.3365', 'available': '0', 'holds': '40126.3365', 'currency': 'BEPRO', 'id': '5e490dd37e612d0009226cbc', 'type': 'trade'}
{'balance': '24418.6055', 'available': '0', 'holds': '24418.6055', 'currency': 'SPND', 'id': '5dd256a7e5b6921317927b92', 'type': 'trade'}
{'balance': '1781.8883', 'available': '0', 'holds': '1781.8883', 'currency': 'DAG', 'id': '5e061c128eee630008be7c4f', 'type': 'trade'}
{'balance': '0.06599731', 'available': '0', 'holds': '0.06599731', 'currency': 'BCHABC', 'id': '5e3134b003ef0a0008fc5665', 'type': 'trade'}
{'balance': '9.3963571', 'available': '9.3963571', 'holds': '0', 'currency': 'KCS', 'id': '5ca9284737e33a0f465f111d', 'type': 'trade'}
{'balance': '0.59657361', 'available': '0.59657361', 'holds': '0', 'currency': 'NRG', 'id': '5e16ee747e612d00094667fc', 'type': 'main'}
{'balance': '0.68234507', 'available': '0.68234507', 'holds': '0', 'currency': 'ALGO', 'id': '5e144f9a67436200090ccc5f', 'type': 'main'}
{'balance': '0.97441888', 'available': '0.97441888', 'holds': '0', 'currency': 'AION', 'id': '5e16f4357e612d000957d10a', 'type': 'main'}
{'balance': '0.00112905', 'available': '0.00112905', 'holds': '0', 'currency': 'EOS', 'id': '5e49080203ef0a000876e301', 'type': 'main'}
{'balance': '0.08520807', 'available': '0.08520807', 'holds': '0', 'currency': 'ODE', 'id': '5e01a657e509490008f107be', 'type': 'trade'}
{'balance': '0.00680823', 'available': '0.00680823', 'holds': '0', 'currency': 'R', 'id': '5c6a50b299a1d81a3411d317', 'type': 'trade'}
{'balance': '220.25414893', 'available': '220.25414893', 'holds': '0', 'currency': 'VTHO', 'id': '5c6a4bae99a1d81743ef2dcf', 'type': 'trade'}
{'balance': '1.62071306', 'available': '1.62071306', 'holds': '0', 'currency': 'VTHO', 'id': '5c6d45fc0d48eb1174c9858c', 'type': 'main'}
{'balance': '0.0009762', 'available': '0.0009762', 'holds': '0', 'currency': 'CHP', 'id': '5c6a4d3599a1d8165a89dde5', 'type': 'trade'}
{'balance': '0.0002052', 'available': '0.0002052', 'holds': '0', 'currency': 'DOCK', 'id': '5c6a4d0099a1d81c4f836bd6', 'type': 'trade'}
{'balance': '0.0001', 'available': '0.0001', 'holds': '0', 'currency': 'DGB', 'id': '5dcfbebce5b692131759e0f4', 'type': 'trade'}
{'balance': '0.00009736', 'available': '0.00009736', 'holds': '0', 'currency': 'CAG', 'id': '5c6a511a99a1d816cbd902db', 'type': 'trade'}
{'balance': '0.0000782', 'available': '0.0000782', 'holds': '0', 'currency': 'LYM', 'id': '5c6a502a99a1d81b25d887aa', 'type': 'trade'}
{'balance': '0.0000348', 'available': '0.0000348', 'holds': '0', 'currency': 'DRGN', 'id': '5c6a4b4a99a1d8182d24d106', 'type': 'trade'}
{'balance': '0.0000339', 'available': '0.0000339', 'holds': '0', 'currency': 'CVC', 'id': '5c6a4ef099a1d81a34027a23', 'type': 'trade'}
{'balance': '0.0000249', 'available': '0.0000249', 'holds': '0', 'currency': 'CBC', 'id': '5c6a4e4999a1d81743063668', 'type': 'trade'}
{'balance': '0.0000246', 'available': '0.0000246', 'holds': '0', 'currency': 'OPQ', 'id': '5c6a4b3399a1d81c16404a07', 'type': 'trade'}
{'balance': '0.0000093', 'available': '0.0000093', 'holds': '0', 'currency': 'EXY', 'id': '5c6a512899a1d81c4fa88b11', 'type': 'trade'}
{'balance': '0', 'available': '0', 'holds': '0', 'currency': 'ALGO', 'id': '5e12157b6e628b00093db8f0', 'type': 'trade'}
{'balance': '0', 'available': '0', 'holds': '0', 'currency': 'BAX', 'id': '5e2e45451ca8410008c63dcb', 'type': 'trade'}
{'balance': '0', 'available': '0', 'holds': '0', 'currency': 'CS', 'id': '5ca409fd4b2e2f639721582c', 'type': 'trade'}
{'balance': '0', 'available': '0', 'holds': '0', 'currency': 'DX', 'id': '5e153b527cb36900089197eb', 'type': 'trade'}
{'balance': '0', 'available': '0', 'holds': '0', 'currency': 'ETH', 'id': '5dcfad46e5b6921317345be7', 'type': 'main'}
{'balance': '0', 'available': '0', 'holds': '0', 'currency': 'GO', 'id': '5d0601d437e33a26b6a37c60', 'type': 'trade'}
{'balance': '0', 'available': '0', 'holds': '0', 'currency': 'KCS', 'id': '5e019aeab97132000808e26a', 'type': 'main'}
{'balance': '0', 'available': '0', 'holds': '0', 'currency': 'OCEAN', 'id': '5dd2a1be3c48d51223d7360c', 'type': 'trade'}
{'balance': '0', 'available': '0', 'holds': '0', 'currency': 'ODE', 'id': '5cb8675dcbfc7b572e2310aa', 'type': 'main'}
{'balance': '0', 'available': '0', 'holds': '0', 'currency': 'PLAY', 'id': '5d26d54f0d48eb5d5c267dad', 'type': 'trade'}
1
{}
New buy at: 0.0095
New buy at: 0.009025
New buy at: 0.00857375
New buy at: 0.0081450625
New buy at: 0.007737809374999999
New buy at: 0.007350918906249998
New buy at: 0.006983372960937498
New buy at: 0.006634204312890623
New buy at: 0.006302494097246091
New buy at: 0.005987369392383786
New buy at: 0.005688000922764597
New buy at: 0.005403600876626367
New buy at: 0.005133420832795048
New buy at: 0.0048767497911552955
New buy at: 0.00463291230159753
New buy at: 0.0044012666865176535
New buy at: 0.004181203352191771
New buy at: 0.003972143184582182
New buy at: 0.0037735360253530726
New buy at: 0.0035848592240854188
New buy at: 0.0034056162628811476
New buy at: 0.0032353354497370902
New buy at: 0.0030735686772502355
New buy at: 0.0029198902433877237
New buy at: 0.0027738957312183374
New buy at: 0.0026352009446574203
New buy at: 0.002503440897424549
New buy at: 0.0023782688525533216
New buy at: 0.0022593554099256553
New buy at: 0.0021463876394293723
New buy at: 0.0020390682574579037
New buy at: 0.0019371148445850085
New buy at: 0.0018402591023557579
New buy at: 0.0017482461472379698
New buy at: 0.0016608338398760713
New buy at: 0.0015777921478822676
New buy at: 0.001498902540488154
New buy at: 0.0014239574134637463
New buy at: 0.0013527595427905588
New buy at: 0.0012851215656510308
New buy at: 0.0012208654873684791
New buy at: 0.0011598222130000551
New buy at: 0.0011018311023500522
New buy at: 0.0010467395472325495
New buy at: 0.000994402569870922
New buy at: 0.0009446824413773759
New buy at: 0.0008974483193085071
New buy at: 0.0008525759033430817
New buy at: 0.0008099471081759276
New buy at: 0.0007694497527671312
New buy at: 0.0007309772651287747
New buy at: 0.0006944284018723359
New buy at: 0.0006597069817787191
New buy at: 0.0006267216326897832
New buy at: 0.000595385551055294
New buy at: 0.0005656162735025292
New buy at: 0.0005373354598274027
New buy at: 0.0005104686868360325
SNX
0
XLM
0
VET
0
GO
0
EOS
0
ETC
0
ITC
0
LTC
0
GGC
0
NANO
0
LYM
0
TKY
0
ONT
0
SUSD
0
TRX
0
BCHSV
0
BCHABC
0
KCS
0
NEO
0
ETH
0
BTC
0
AVA
0
MHC
0
ODE
0
MTV
0
TEL
0
TRY
0
ATOM
0
ETN
0
TOMO
0
VSYS
0
CHR
0
COTI
0
BNB
0
JAR
0
ALGO
0
VOL
0
XEM
0
CIX100
0
XTZ
0
ZEC
0
ADA
0
R
0
WXT
0
OGO
0
FORESTPLUS
0
BOLT
0
ARPA
0
WGP
0
DAPPT
0
NOIA
0
BLOC
0
WIN
0
DERO
0
BTT
0
EOSC
0
ENQ
0
ONE
0
TOKO
0
VID
0
LUNA
0
SDT
0
AMIO
0
NUSD
0
MXW
0
SXP
0
AKRO
0
MAP
0
AMPL
0
DAG
0
ARX
0
NWC
0
BEPRO
8
8
{'symbol': 'BEPRO-USDT', 'hidden': False, 'opType': 'DEAL', 'fee': '0', 'channel': 'API', 'feeCurrency': 'USDT', 'type': 'limit', 'isActive': True, 'createdAt': 1582179979000, 'visibleSize': '0', 'price': '0.00067395', 'iceberg': False, 'stopTriggered': False, 'funds': '0', 'id': '5e4e268b3f58f90009762db8', 'timeInForce': 'GTC', 'tradeType': 'TRADE', 'side': 'buy', 'dealSize': '0', 'cancelAfter': 0, 'dealFunds': '0', 'stp': '', 'postOnly': False, 'stopPrice': '0', 'size': '50186.052', 'stop': '', 'cancelExist': False, 'clientOid': 'ca17f556-aec2-470b-b11e-ab46d8106579'}
0.0
{'symbol': 'BEPRO-USDT', 'hidden': False, 'opType': 'DEAL', 'fee': '0', 'channel': 'API', 'feeCurrency': 'USDT', 'type': 'limit', 'isActive': True, 'createdAt': 1582179914000, 'visibleSize': '0', 'price': '0.00090101', 'iceberg': False, 'stopTriggered': False, 'funds': '0', 'id': '5e4e264a6c13910009f2d9c1', 'timeInForce': 'GTC', 'tradeType': 'TRADE', 'side': 'sell', 'dealSize': '0', 'cancelAfter': 0, 'dealFunds': '0', 'stp': '', 'postOnly': False, 'stopPrice': '0', 'size': '20063.1684', 'stop': '', 'cancelExist': False, 'clientOid': '8fac073a-4c27-44f7-9b41-c380b454d4b8'}
0.0
{'symbol': 'BEPRO-USDT', 'hidden': False, 'opType': 'DEAL', 'fee': '0', 'channel': 'API', 'feeCurrency': 'USDT', 'type': 'limit', 'isActive': True, 'createdAt': 1582178087000, 'visibleSize': '0', 'price': '0.00076673', 'iceberg': False, 'stopTriggered': False, 'funds': '0', 'id': '5e4e1f27aad9110009d07dd3', 'timeInForce': 'GTC', 'tradeType': 'TRADE', 'side': 'buy', 'dealSize': '0', 'cancelAfter': 0, 'dealFunds': '0', 'stp': '', 'postOnly': False, 'stopPrice': '0', 'size': '7800.1728', 'stop': '', 'cancelExist': False, 'clientOid': 'c242d691-a075-4f33-a37c-df73633e4798'}
0.0
{'symbol': 'BEPRO-USDT', 'hidden': False, 'opType': 'DEAL', 'fee': '0', 'channel': 'API', 'feeCurrency': 'USDT', 'type': 'limit', 'isActive': True, 'createdAt': 1582171853000, 'visibleSize': '0', 'price': '0.00060287', 'iceberg': False, 'stopTriggered': False, 'funds': '0', 'id': '5e4e06cdf473410009c08bb1', 'timeInForce': 'GTC', 'tradeType': 'TRADE', 'side': 'buy', 'dealSize': '0', 'cancelAfter': 0, 'dealFunds': '0', 'stp': '', 'postOnly': False, 'stopPrice': '0', 'size': '46582.5149', 'stop': '', 'cancelExist': False, 'clientOid': '431bc891-0fb7-4682-b918-eed6feaa03af'}
0.0
{'symbol': 'BEPRO-USDT', 'hidden': False, 'opType': 'DEAL', 'fee': '0', 'channel': 'API', 'feeCurrency': 'USDT', 'type': 'limit', 'isActive': True, 'createdAt': 1582012070000, 'visibleSize': '0', 'price': '0.00008342', 'iceberg': False, 'stopTriggered': False, 'funds': '0', 'id': '5e4b96a6eff73f00090f6fb0', 'timeInForce': 'GTC', 'tradeType': 'TRADE', 'side': 'buy', 'dealSize': '0', 'cancelAfter': 0, 'dealFunds': '0', 'stp': '', 'postOnly': False, 'stopPrice': '0', 'size': '4242804.0171', 'stop': '', 'cancelExist': False, 'clientOid': '9df88642-0f54-4df2-9c59-c574b0c387eb'}
0.0
{'symbol': 'BEPRO-USDT', 'hidden': False, 'opType': 'DEAL', 'fee': '0', 'channel': 'API', 'feeCurrency': 'USDT', 'type': 'limit', 'isActive': True, 'createdAt': 1581848461000, 'visibleSize': '0', 'price': '0.00096861', 'iceberg': False, 'stopTriggered': False, 'funds': '0', 'id': '5e49178d48de7d00090007a3', 'timeInForce': 'GTC', 'tradeType': 'TRADE', 'side': 'sell', 'dealSize': '0', 'cancelAfter': 0, 'dealFunds': '0', 'stp': '', 'postOnly': False, 'stopPrice': '0', 'size': '6687.7227', 'stop': '', 'cancelExist': False, 'clientOid': '4ccde3f4-c36b-4dd5-995d-2e68681400f9'}
0.0
{'symbol': 'BEPRO-USDT', 'hidden': False, 'opType': 'DEAL', 'fee': '0', 'channel': 'API', 'feeCurrency': 'USDT', 'type': 'limit', 'isActive': True, 'createdAt': 1581848461000, 'visibleSize': '0', 'price': '0.00099893', 'iceberg': False, 'stopTriggered': False, 'funds': '0', 'id': '5e49178d7ec63a000a662718', 'timeInForce': 'GTC', 'tradeType': 'TRADE', 'side': 'sell', 'dealSize': '0', 'cancelAfter': 0, 'dealFunds': '0', 'stp': '', 'postOnly': False, 'stopPrice': '0', 'size': '6687.7227', 'stop': '', 'cancelExist': False, 'clientOid': '0039adfd-c6ff-42db-84fd-2db34561064b'}
0.0
{'symbol': 'BEPRO-USDT', 'hidden': False, 'opType': 'DEAL', 'fee': '0', 'channel': 'API', 'feeCurrency': 'USDT', 'type': 'limit', 'isActive': True, 'createdAt': 1581848460000, 'visibleSize': '0', 'price': '0.0009383', 'iceberg': False, 'stopTriggered': False, 'funds': '0', 'id': '5e49178c27d36100092fe7d9', 'timeInForce': 'GTC', 'tradeType': 'TRADE', 'side': 'sell', 'dealSize': '0', 'cancelAfter': 0, 'dealFunds': '0', 'stp': '', 'postOnly': False, 'stopPrice': '0', 'size': '6687.7227', 'stop': '', 'cancelExist': False, 'clientOid': '4c8e2252-1e5b-436a-82f3-6fee8397f41d'}
0.0
{'sequence': '1576584111240', 'bestAsk': '0.00083923', 'size': '663', 'price': '0.00083302', 'bestBidSize': '738.007', 'time': 1582345825013, 'bestBid': '0.00083301', 'bestAskSize': '1152.0737'}
